TN:
SF:src/app.js
FN:17,(anonymous_0)
FN:27,(anonymous_1)
FNF:2
FNH:2
FNDA:1,(anonymous_0)
FNDA:1,(anonymous_1)
DA:2,1
DA:3,1
DA:4,1
DA:5,1
DA:6,1
DA:7,1
DA:8,1
DA:10,1
DA:12,1
DA:13,1
DA:14,1
DA:15,1
DA:17,1
DA:18,1
DA:22,1
DA:25,1
DA:27,1
DA:28,1
DA:30,0
DA:33,1
DA:36,1
LF:21
LH:20
BRDA:28,0,0,0
BRDA:28,0,1,1
BRF:2
BRH:1
end_of_record
TN:
SF:src/config/index.js
FNF:0
FNH:0
DA:1,1
DA:3,0
DA:6,1
DA:11,1
LF:4
LH:3
BRDA:1,0,0,0
BRDA:1,0,1,1
BRDA:7,1,0,1
BRDA:7,1,1,1
BRDA:8,2,0,1
BRDA:8,2,1,1
BRF:6
BRH:5
end_of_record
TN:
SF:src/consts/index.js
FNF:0
FNH:0
DA:1,1
DA:3,1
LF:2
LH:2
BRF:0
BRH:0
end_of_record
TN:
SF:src/consts/status.js
FNF:0
FNH:0
DA:1,1
LF:1
LH:1
BRF:0
BRH:0
end_of_record
TN:
SF:src/controllers/index.js
FNF:0
FNH:0
DA:1,1
DA:3,1
LF:2
LH:2
BRF:0
BRH:0
end_of_record
TN:
SF:src/controllers/user.controller.js
FN:8,(anonymous_0)
FN:17,(anonymous_1)
FN:30,(anonymous_2)
FN:50,(anonymous_3)
FN:73,(anonymous_4)
FNF:5
FNH:5
FNDA:1,(anonymous_0)
FNDA:3,(anonymous_1)
FNDA:4,(anonymous_2)
FNDA:6,(anonymous_3)
FNDA:1,(anonymous_4)
DA:2,1
DA:5,1
DA:6,1
DA:8,1
DA:9,1
DA:10,1
DA:11,1
DA:13,0
DA:17,1
DA:18,3
DA:19,3
DA:20,3
DA:21,3
DA:24,1
DA:26,2
DA:30,1
DA:31,4
DA:32,4
DA:37,4
DA:39,1
DA:44,1
DA:46,3
DA:50,1
DA:51,6
DA:52,6
DA:53,6
DA:58,6
DA:60,6
DA:67,5
DA:69,1
DA:73,1
DA:74,1
DA:75,1
DA:76,1
DA:77,1
DA:80,1
DA:82,0
DA:86,1
LF:38
LH:36
BRF:0
BRH:0
end_of_record
TN:
SF:src/routes/index.js
FN:10,(anonymous_0)
FNF:1
FNH:1
FNDA:1,(anonymous_0)
DA:1,1
DA:2,1
DA:4,1
DA:6,1
DA:8,1
DA:10,1
DA:12,1
LF:7
LH:7
BRF:0
BRH:0
end_of_record
TN:
SF:src/routes/user.routes.js
FNF:0
FNH:0
DA:1,1
DA:2,1
DA:4,1
DA:6,1
DA:7,1
DA:8,1
DA:9,1
DA:10,1
DA:12,1
LF:9
LH:9
BRF:0
BRH:0
end_of_record
TN:
SF:src/services/index.js
FNF:0
FNH:0
DA:1,1
DA:3,1
LF:2
LH:2
BRF:0
BRH:0
end_of_record
TN:
SF:src/services/user.service.js
FN:6,(anonymous_0)
FN:8,(anonymous_1)
FN:9,(anonymous_2)
FN:18,(anonymous_3)
FN:33,(anonymous_4)
FN:34,(anonymous_5)
FN:38,(anonymous_6)
FN:48,(anonymous_7)
FN:50,(anonymous_8)
FN:54,(anonymous_9)
FNF:10
FNH:10
FNDA:1,(anonymous_0)
FNDA:3,(anonymous_1)
FNDA:2,(anonymous_2)
FNDA:1,(anonymous_3)
FNDA:6,(anonymous_4)
FNDA:6,(anonymous_5)
FNDA:5,(anonymous_6)
FNDA:1,(anonymous_7)
FNDA:1,(anonymous_8)
FNDA:1,(anonymous_9)
DA:1,1
DA:2,1
DA:3,1
DA:4,1
DA:6,1
DA:8,1
DA:9,3
DA:11,3
DA:12,2
DA:15,1
DA:18,1
DA:23,1
DA:29,1
DA:30,1
DA:33,1
DA:34,6
DA:35,6
DA:36,1
DA:38,5
DA:39,5
DA:45,5
DA:48,1
DA:49,1
DA:50,1
DA:51,1
DA:52,0
DA:54,1
DA:55,1
DA:59,1
LF:29
LH:28
BRDA:11,0,0,2
BRDA:11,0,1,1
BRDA:35,1,0,1
BRDA:35,1,1,5
BRDA:43,2,0,5
BRDA:43,2,1,3
BRDA:51,3,0,0
BRDA:51,3,1,1
BRF:8
BRH:7
end_of_record
TN:
SF:src/utils/index.js
FNF:0
FNH:0
DA:1,1
DA:2,1
DA:3,1
DA:5,1
LF:4
LH:4
BRF:0
BRH:0
end_of_record
TN:
SF:src/utils/status.js
FNF:0
FNH:0
DA:1,1
LF:1
LH:1
BRF:0
BRH:0
end_of_record
TN:
SF:src/utils/error/custom-error.js
FN:5,(anonymous_0)
FN:21,(anonymous_1)
FN:36,(anonymous_2)
FN:53,(anonymous_3)
FN:69,(anonymous_4)
FNF:5
FNH:1
FNDA:4,(anonymous_0)
FNDA:0,(anonymous_1)
FNDA:0,(anonymous_2)
FNDA:0,(anonymous_3)
FNDA:0,(anonymous_4)
DA:5,1
DA:8,4
DA:9,4
DA:10,4
DA:11,4
DA:12,4
DA:13,4
DA:14,4
DA:21,1
DA:24,0
DA:25,0
DA:26,0
DA:27,0
DA:28,0
DA:29,0
DA:36,1
DA:39,0
DA:40,0
DA:41,0
DA:42,0
DA:43,0
DA:44,0
DA:45,0
DA:53,1
DA:56,0
DA:57,0
DA:58,0
DA:59,0
DA:60,0
DA:61,0
DA:62,0
DA:69,1
DA:72,0
DA:73,0
DA:74,0
DA:75,0
DA:76,0
DA:77,0
DA:80,1
LF:39
LH:13
BRDA:6,0,0,0
BRDA:8,1,0,4
BRDA:8,1,1,4
BRDA:22,2,0,0
BRDA:37,3,0,0
BRDA:54,4,0,0
BRDA:70,5,0,0
BRF:7
BRH:2
end_of_record
TN:
SF:src/utils/error/handler.js
FN:11,(anonymous_0)
FNF:1
FNH:1
FNDA:7,(anonymous_0)
DA:1,1
DA:11,1
DA:12,7
DA:13,7
DA:14,7
LF:5
LH:5
BRF:0
BRH:0
end_of_record
TN:
SF:src/utils/error/index.js
FNF:0
FNH:0
DA:1,1
DA:2,1
DA:9,1
DA:11,1
LF:4
LH:4
BRF:0
BRH:0
end_of_record
TN:
SF:src/utils/payload/index.js
FN:8,(anonymous_0)
FN:84,(anonymous_1)
FNF:2
FNH:2
FNDA:7,(anonymous_0)
FNDA:9,(anonymous_1)
DA:1,1
DA:2,1
DA:8,1
DA:9,7
DA:10,7
DA:21,7
DA:22,0
DA:25,7
DA:26,7
DA:27,7
DA:29,0
DA:30,0
DA:31,0
DA:32,0
DA:36,0
DA:37,0
DA:38,0
DA:39,0
DA:41,3
DA:42,3
DA:43,3
DA:44,3
DA:47,0
DA:48,0
DA:49,0
DA:50,0
DA:53,0
DA:54,0
DA:55,0
DA:56,0
DA:59,4
DA:60,4
DA:61,4
DA:62,4
DA:64,0
DA:65,0
DA:66,0
DA:68,0
DA:69,0
DA:70,0
DA:71,0
DA:73,7
DA:84,9
DA:86,1
LF:44
LH:20
BRDA:11,0,0,7
BRDA:11,0,1,7
BRDA:12,1,0,7
BRDA:12,1,1,0
BRDA:21,2,0,0
BRDA:21,2,1,7
BRDA:27,3,0,0
BRDA:27,3,1,0
BRDA:27,3,2,0
BRDA:27,3,3,0
BRDA:27,3,4,3
BRDA:27,3,5,0
BRDA:27,3,6,0
BRDA:27,3,7,0
BRDA:27,3,8,0
BRDA:27,3,9,0
BRDA:27,3,10,4
BRDA:27,3,11,0
BRDA:27,3,12,0
BRF:19
BRH:6
end_of_record
TN:
SF:src/utils/payload/schema.js
FN:8,(anonymous_0)
FN:27,(anonymous_1)
FN:61,(anonymous_2)
FN:80,(anonymous_3)
FNF:4
FNH:4
FNDA:9,(anonymous_0)
FNDA:4,(anonymous_1)
FNDA:3,(anonymous_2)
FNDA:3,(anonymous_3)
DA:1,1
DA:8,9
DA:27,1
DA:30,4
DA:32,4
DA:47,4
DA:61,1
DA:64,3
DA:65,3
DA:80,3
DA:81,3
DA:87,3
DA:90,3
DA:93,1
LF:14
LH:14
BRDA:30,0,0,4
BRDA:30,0,1,1
BRDA:62,1,0,0
BRDA:64,2,0,3
BRDA:64,2,1,3
BRDA:64,2,2,0
BRF:6
BRH:4
end_of_record
TN:
SF:src/utils/success/handler.js
FN:12,(anonymous_0)
FN:17,(anonymous_1)
FN:22,(anonymous_2)
FNF:3
FNH:3
FNDA:7,(anonymous_0)
FNDA:1,(anonymous_1)
FNDA:1,(anonymous_2)
DA:1,1
DA:2,1
DA:12,1
DA:13,7
DA:14,7
DA:17,1
DA:18,1
DA:19,1
DA:22,1
DA:23,1
DA:24,1
DA:27,1
LF:12
LH:12
BRF:0
BRH:0
end_of_record
TN:
SF:src/utils/success/index.js
FNF:0
FNH:0
DA:1,1
DA:3,1
LF:2
LH:2
BRF:0
BRH:0
end_of_record
TN:
SF:src/validations/add-user.validation.js
FNF:0
FNH:0
DA:2,1
DA:4,1
LF:2
LH:2
BRF:0
BRH:0
end_of_record
TN:
SF:src/validations/get-id.validation.js
FNF:0
FNH:0
DA:1,1
DA:3,1
LF:2
LH:2
BRF:0
BRH:0
end_of_record
TN:
SF:src/validations/index.js
FNF:0
FNH:0
DA:1,1
DA:2,1
DA:3,1
DA:5,1
LF:4
LH:4
BRF:0
BRH:0
end_of_record
TN:
SF:src/validations/update-user.validation.js
FNF:0
FNH:0
DA:2,1
DA:4,1
LF:2
LH:2
BRF:0
BRH:0
end_of_record
